Feb 24 12:05:01 
Feb 24 12:05:01 🔔东东农场, 开始!
Feb 24 12:05:01 开始获取配置文件
Feb 24 12:05:01 
Feb 24 12:05:01 
Feb 24 12:05:01 ====================共有0个京东账号Cookie=========
Feb 24 12:05:01 
Feb 24 12:05:01 ==================脚本执行- 北京时间(UTC+8)：2/24/2021, 12:05:01 PM=====================
Feb 24 12:05:01 
Feb 24 12:05:01 共0个京东账号
Feb 24 12:05:01 
Feb 24 12:05:01 您提供了2个账号的农场助力码
Feb 24 12:05:01 
Feb 24 12:05:01 
Feb 24 12:05:01 ==============📣系统通知📣==============
Feb 24 12:05:01 东东农场
Feb 24 12:05:01 【提示】请先获取京东账号一cookie
Feb 24 12:05:01 直接使用NobyDa的京东签到获取
Feb 24 12:05:01 https://bean.m.jd.com/bean/signIndex.action
Feb 24 12:05:01 
Feb 24 12:05:01 🔔东东农场, 结束! 🕛 0.055 秒
Feb 24 12:05:01 
