Feb 24 00:36:00 
Feb 24 00:36:00 🔔东东工厂, 开始!
Feb 24 00:36:00 
Feb 24 00:36:00 ====================共有0个京东账号Cookie=========
Feb 24 00:36:00 
Feb 24 00:36:00 ==================脚本执行- 北京时间(UTC+8)：2/24/2021, 12:36:00 AM=====================
Feb 24 00:36:00 
Feb 24 00:36:00 开始获取东东工厂配置文件
Feb 24 00:36:00 
Feb 24 00:36:00 共0个京东账号
Feb 24 00:36:00 
Feb 24 00:36:00 您提供了0个账号的东东工厂助力码
Feb 24 00:36:00 
Feb 24 00:36:00 
Feb 24 00:36:00 ==============📣系统通知📣==============
Feb 24 00:36:00 东东工厂
Feb 24 00:36:00 【提示】请先获取京东账号一cookie
Feb 24 00:36:00 直接使用NobyDa的京东签到获取
Feb 24 00:36:00 https://bean.m.jd.com/bean/signIndex.action
Feb 24 00:36:00 
Feb 24 00:36:00 🔔东东工厂, 结束! 🕛 0.019 秒
Feb 24 00:36:00 
